<?xml version="1.0" encoding="UTF-8"?>
<testng-results ignored="0" total="1" passed="1" failed="0" skipped="0">
  <reporter-output>
  </reporter-output>
  <suite started-at="2024-05-28T13:20:16 IST" name="Default suite" finished-at="2024-05-28T13:20:21 IST" duration-ms="5392">
    <groups>
    </groups>
    <test started-at="2024-05-28T13:20:16 IST" name="Default test" finished-at="2024-05-28T13:20:21 IST" duration-ms="5392">
      <class name="TestLayer.RegisterPostTest">
        <test-method is-config="true" signature="setUp()[pri:0, instance:TestLayer.RegisterPostTest@3527942a]" started-at="2024-05-28T13:20:16 IST" name="setUp" finished-at="2024-05-28T13:20:19 IST" duration-ms="3886" status="PASS">
          <reporter-output>
          </reporter-output>
        </test-method> <!-- setUp -->
        <test-method signature="registerpageFunctionality()[pri:0, instance:TestLayer.RegisterPostTest@3527942a]" started-at="2024-05-28T13:20:19 IST" name="registerpageFunctionality" finished-at="2024-05-28T13:20:21 IST" duration-ms="1465" status="PASS">
          <reporter-output>
          </reporter-output>
        </test-method> <!-- registerpageFunctionality -->
      </class> <!-- TestLayer.RegisterPostTest -->
    </test> <!-- Default test -->
  </suite> <!-- Default suite -->
</testng-results>
